<?xml version="1.0" encoding="UTF-8"?>
<!-- Generated by org.testng.reporters.JUnitXMLReporter -->
<testsuite hostname="Nimesh81" ignored="0" name="week15_tutorialninja.com.nimesh" tests="2" failures="2" timestamp="2022-12-14T00:35:39 GMT" time="9.412" errors="0">
  <testcase name="verifyProductAddedToShoppingCartSuccessFully" time="0.082" classname="com.tutorialninja.demo.testsuite.DesktopTest">
    <failure type="java.lang.NullPointerException">
      <![CDATA[java.lang.NullPointerException
at com.tutorialninja.demo.pages.Desktops.clickOnCurrencyLink(Desktops.java:69)
at com.tutorialninja.demo.testsuite.DesktopTest.verifyProductAddedToShoppingCartSuccessFully(DesktopTest.java:35)
at java.util.ArrayList.forEach(ArrayList.java:1249)
at com.intellij.rt.testng.IDEARemoteTestNG.run(IDEARemoteTestNG.java:66)
at com.intellij.rt.testng.RemoteTestNGStarter.main(RemoteTestNGStarter.java:109)
... Removed 24 stack frames]]>
    </failure>
  </testcase> <!-- verifyProductAddedToShoppingCartSuccessFully -->
  <testcase name="verifyProductArrangeInAlphabeticalOrder" time="0.056" classname="com.tutorialninja.demo.testsuite.DesktopTest">
    <failure type="java.lang.NullPointerException">
      <![CDATA[java.lang.NullPointerException
at com.tutorialninja.demo.pages.HomePage.clickOnDesktopLink(HomePage.java:43)
at com.tutorialninja.demo.testsuite.DesktopTest.verifyProductArrangeInAlphabeticalOrder(DesktopTest.java:27)
at java.util.ArrayList.forEach(ArrayList.java:1249)
at com.intellij.rt.testng.IDEARemoteTestNG.run(IDEARemoteTestNG.java:66)
at com.intellij.rt.testng.RemoteTestNGStarter.main(RemoteTestNGStarter.java:109)
... Removed 24 stack frames]]>
    </failure>
  </testcase> <!-- verifyProductArrangeInAlphabeticalOrder -->
</testsuite> <!-- week15_tutorialninja.com.nimesh -->
