<?xml version="1.0" encoding="UTF-8"?>
<testng-results skipped="0" failed="2" ignored="0" total="2" passed="0">
  <reporter-output>
    <line>
      <![CDATA[clickOnCurrencyLink[[ChromeDriver: chrome on WINDOWS (8183ba5750da2371b38084ad38e3e706)] -> xpath: //span[contains(text(),'Currency')]]]]>
    </line>
    <line>
      <![CDATA[clickOnDesktopLink[[ChromeDriver: chrome on WINDOWS (ac3e81e5a49ec9fb14cda571c66ab2f7)] -> link text: Desktops]]]>
    </line>
  </reporter-output>
  <suite name="Default Suite" duration-ms="9412" started-at="2022-12-14T00:35:30 GMT" finished-at="2022-12-14T00:35:39 GMT">
    <groups>
      <group name="regression">
        <method signature="DesktopTest.verifyProductAddedToShoppingCartSuccessFully()[pri:0, instance:com.tutorialninja.demo.testsuite.DesktopTest@536aaa8d]" name="verifyProductAddedToShoppingCartSuccessFully" class="com.tutorialninja.demo.testsuite.DesktopTest"/>
        <method signature="DesktopTest.verifyProductArrangeInAlphabeticalOrder()[pri:0, instance:com.tutorialninja.demo.testsuite.DesktopTest@536aaa8d]" name="verifyProductArrangeInAlphabeticalOrder" class="com.tutorialninja.demo.testsuite.DesktopTest"/>
      </group> <!-- regression -->
      <group name="smoke">
        <method signature="DesktopTest.verifyProductAddedToShoppingCartSuccessFully()[pri:0, instance:com.tutorialninja.demo.testsuite.DesktopTest@536aaa8d]" name="verifyProductAddedToShoppingCartSuccessFully" class="com.tutorialninja.demo.testsuite.DesktopTest"/>
      </group> <!-- smoke -->
      <group name="sanity">
        <method signature="DesktopTest.verifyProductArrangeInAlphabeticalOrder()[pri:0, instance:com.tutorialninja.demo.testsuite.DesktopTest@536aaa8d]" name="verifyProductArrangeInAlphabeticalOrder" class="com.tutorialninja.demo.testsuite.DesktopTest"/>
      </group> <!-- sanity -->
    </groups>
    <test name="week15_tutorialninja.com.nimesh" duration-ms="9412" started-at="2022-12-14T00:35:30 GMT" finished-at="2022-12-14T00:35:39 GMT">
      <class name="com.tutorialninja.demo.testsuite.DesktopTest">
        <test-method status="PASS" signature="setUp()[pri:0, instance:com.tutorialninja.demo.testsuite.DesktopTest@536aaa8d]" name="setUp" is-config="true" duration-ms="4840" started-at="2022-12-14T00:35:30 GMT" finished-at="2022-12-14T00:35:35 GMT">
          <reporter-output>
          </reporter-output>
        </test-method> <!-- setUp -->
        <test-method status="PASS" signature="inIt()[pri:0, instance:com.tutorialninja.demo.testsuite.DesktopTest@536aaa8d]" name="inIt" is-config="true" duration-ms="37" started-at="2022-12-14T00:35:35 GMT" finished-at="2022-12-14T00:35:35 GMT">
          <reporter-output>
          </reporter-output>
        </test-method> <!-- inIt -->
        <test-method status="FAIL" signature="verifyProductAddedToShoppingCartSuccessFully()[pri:0, instance:com.tutorialninja.demo.testsuite.DesktopTest@536aaa8d]" name="verifyProductAddedToShoppingCartSuccessFully" duration-ms="82" started-at="2022-12-14T00:35:35 GMT" finished-at="2022-12-14T00:35:35 GMT">
          <exception class="java.lang.NullPointerException">
            <full-stacktrace>
              <![CDATA[java.lang.NullPointerException
at com.tutorialninja.demo.pages.Desktops.clickOnCurrencyLink(Desktops.java:69)
at com.tutorialninja.demo.testsuite.DesktopTest.verifyProductAddedToShoppingCartSuccessFully(DesktopTest.java:35)
at sun.reflect.NativeMethodAccessorImpl.invoke0(Native Method)
at sun.reflect.NativeMethodAccessorImpl.invoke(NativeMethodAccessorImpl.java:62)
at sun.reflect.DelegatingMethodAccessorImpl.invoke(DelegatingMethodAccessorImpl.java:43)
at java.lang.reflect.Method.invoke(Method.java:498)
at org.testng.internal.invokers.MethodInvocationHelper.invokeMethod(MethodInvocationHelper.java:135)
at org.testng.internal.invokers.TestInvoker.invokeMethod(TestInvoker.java:673)
at org.testng.internal.invokers.TestInvoker.invokeTestMethod(TestInvoker.java:220)
at org.testng.internal.invokers.MethodRunner.runInSequence(MethodRunner.java:50)
at org.testng.internal.invokers.TestInvoker$MethodInvocationAgent.invoke(TestInvoker.java:945)
at org.testng.internal.invokers.TestInvoker.invokeTestMethods(TestInvoker.java:193)
at org.testng.internal.invokers.TestMethodWorker.invokeTestMethods(TestMethodWorker.java:146)
at org.testng.internal.invokers.TestMethodWorker.run(TestMethodWorker.java:128)
at java.util.ArrayList.forEach(ArrayList.java:1249)
at org.testng.TestRunner.privateRun(TestRunner.java:808)
at org.testng.TestRunner.run(TestRunner.java:603)
at org.testng.SuiteRunner.runTest(SuiteRunner.java:429)
at org.testng.SuiteRunner.runSequentially(SuiteRunner.java:423)
at org.testng.SuiteRunner.privateRun(SuiteRunner.java:383)
at org.testng.SuiteRunner.run(SuiteRunner.java:326)
at org.testng.SuiteRunnerWorker.runSuite(SuiteRunnerWorker.java:52)
at org.testng.SuiteRunnerWorker.run(SuiteRunnerWorker.java:95)
at org.testng.TestNG.runSuitesSequentially(TestNG.java:1249)
at org.testng.TestNG.runSuitesLocally(TestNG.java:1169)
at org.testng.TestNG.runSuites(TestNG.java:1092)
at org.testng.TestNG.run(TestNG.java:1060)
at com.intellij.rt.testng.IDEARemoteTestNG.run(IDEARemoteTestNG.java:66)
at com.intellij.rt.testng.RemoteTestNGStarter.main(RemoteTestNGStarter.java:109)
]]>
            </full-stacktrace>
          </exception> <!-- java.lang.NullPointerException -->
          <reporter-output>
            <line>
              <![CDATA[clickOnCurrencyLink[[ChromeDriver: chrome on WINDOWS (8183ba5750da2371b38084ad38e3e706)] -> xpath: //span[contains(text(),'Currency')]]]]>
            </line>
          </reporter-output>
        </test-method> <!-- verifyProductAddedToShoppingCartSuccessFully -->
        <test-method status="PASS" signature="tearDown()[pri:0, instance:com.tutorialninja.demo.testsuite.DesktopTest@536aaa8d]" name="tearDown" is-config="true" duration-ms="752" started-at="2022-12-14T00:35:35 GMT" finished-at="2022-12-14T00:35:36 GMT">
          <reporter-output>
          </reporter-output>
        </test-method> <!-- tearDown -->
        <test-method status="PASS" signature="setUp()[pri:0, instance:com.tutorialninja.demo.testsuite.DesktopTest@536aaa8d]" name="setUp" is-config="true" duration-ms="2891" started-at="2022-12-14T00:35:36 GMT" finished-at="2022-12-14T00:35:39 GMT">
          <reporter-output>
          </reporter-output>
        </test-method> <!-- setUp -->
        <test-method status="PASS" signature="inIt()[pri:0, instance:com.tutorialninja.demo.testsuite.DesktopTest@536aaa8d]" name="inIt" is-config="true" duration-ms="3" started-at="2022-12-14T00:35:39 GMT" finished-at="2022-12-14T00:35:39 GMT">
          <reporter-output>
          </reporter-output>
        </test-method> <!-- inIt -->
        <test-method status="FAIL" signature="verifyProductArrangeInAlphabeticalOrder()[pri:0, instance:com.tutorialninja.demo.testsuite.DesktopTest@536aaa8d]" name="verifyProductArrangeInAlphabeticalOrder" duration-ms="56" started-at="2022-12-14T00:35:39 GMT" finished-at="2022-12-14T00:35:39 GMT">
          <exception class="java.lang.NullPointerException">
            <full-stacktrace>
              <![CDATA[java.lang.NullPointerException
at com.tutorialninja.demo.pages.HomePage.clickOnDesktopLink(HomePage.java:43)
at com.tutorialninja.demo.testsuite.DesktopTest.verifyProductArrangeInAlphabeticalOrder(DesktopTest.java:27)
at sun.reflect.NativeMethodAccessorImpl.invoke0(Native Method)
at sun.reflect.NativeMethodAccessorImpl.invoke(NativeMethodAccessorImpl.java:62)
at sun.reflect.DelegatingMethodAccessorImpl.invoke(DelegatingMethodAccessorImpl.java:43)
at java.lang.reflect.Method.invoke(Method.java:498)
at org.testng.internal.invokers.MethodInvocationHelper.invokeMethod(MethodInvocationHelper.java:135)
at org.testng.internal.invokers.TestInvoker.invokeMethod(TestInvoker.java:673)
at org.testng.internal.invokers.TestInvoker.invokeTestMethod(TestInvoker.java:220)
at org.testng.internal.invokers.MethodRunner.runInSequence(MethodRunner.java:50)
at org.testng.internal.invokers.TestInvoker$MethodInvocationAgent.invoke(TestInvoker.java:945)
at org.testng.internal.invokers.TestInvoker.invokeTestMethods(TestInvoker.java:193)
at org.testng.internal.invokers.TestMethodWorker.invokeTestMethods(TestMethodWorker.java:146)
at org.testng.internal.invokers.TestMethodWorker.run(TestMethodWorker.java:128)
at java.util.ArrayList.forEach(ArrayList.java:1249)
at org.testng.TestRunner.privateRun(TestRunner.java:808)
at org.testng.TestRunner.run(TestRunner.java:603)
at org.testng.SuiteRunner.runTest(SuiteRunner.java:429)
at org.testng.SuiteRunner.runSequentially(SuiteRunner.java:423)
at org.testng.SuiteRunner.privateRun(SuiteRunner.java:383)
at org.testng.SuiteRunner.run(SuiteRunner.java:326)
at org.testng.SuiteRunnerWorker.runSuite(SuiteRunnerWorker.java:52)
at org.testng.SuiteRunnerWorker.run(SuiteRunnerWorker.java:95)
at org.testng.TestNG.runSuitesSequentially(TestNG.java:1249)
at org.testng.TestNG.runSuitesLocally(TestNG.java:1169)
at org.testng.TestNG.runSuites(TestNG.java:1092)
at org.testng.TestNG.run(TestNG.java:1060)
at com.intellij.rt.testng.IDEARemoteTestNG.run(IDEARemoteTestNG.java:66)
at com.intellij.rt.testng.RemoteTestNGStarter.main(RemoteTestNGStarter.java:109)
]]>
            </full-stacktrace>
          </exception> <!-- java.lang.NullPointerException -->
          <reporter-output>
            <line>
              <![CDATA[clickOnDesktopLink[[ChromeDriver: chrome on WINDOWS (ac3e81e5a49ec9fb14cda571c66ab2f7)] -> link text: Desktops]]]>
            </line>
          </reporter-output>
        </test-method> <!-- verifyProductArrangeInAlphabeticalOrder -->
        <test-method status="PASS" signature="tearDown()[pri:0, instance:com.tutorialninja.demo.testsuite.DesktopTest@536aaa8d]" name="tearDown" is-config="true" duration-ms="690" started-at="2022-12-14T00:35:39 GMT" finished-at="2022-12-14T00:35:39 GMT">
          <reporter-output>
          </reporter-output>
        </test-method> <!-- tearDown -->
      </class> <!-- com.tutorialninja.demo.testsuite.DesktopTest -->
    </test> <!-- week15_tutorialninja.com.nimesh -->
  </suite> <!-- Default Suite -->
</testng-results>
